Build started 10/10/2015 3:23:05 AM.
     1>Project "D:\My Documents\Visual Studio 2013\Projects\chip8\chip8\chip8.vcxproj" on node 2 (Build target(s)).
     1>ClCompile:
         C:\Program Files (x86)\Microsoft Visual Studio 12.0\VC\bin\CL.exe /c /ZI /nologo /W3 /WX- /sdl /Od /Oy- /Gm /EHsc /RTC1 /MDd /GS /fp:precise /Zc:wchar_t /Zc:forScope /Fo"Debug\\" /Fd"Debug\vc120.pdb" /Gd /TP /analyze- /errorReport:prompt RCA1802.cpp chip8.cpp emulator.cpp
         RCA1802.cpp
     1>d:\my documents\visual studio 2013\projects\chip8\chip8\rca1802.cpp(63): warning C4552: '!=' : operator has no effect; expected operator with side-effect
         Generating Code...
         Compiling...
         emulator.cpp
         chip8.cpp
     1>d:\my documents\visual studio 2013\projects\chip8\chip8\chip8.cpp(80): warning C4244: 'argument' : conversion from 'time_t' to 'unsigned int', possible loss of data
         Generating Code...
       Link:
         C:\Program Files (x86)\Microsoft Visual Studio 12.0\VC\bin\link.exe /ERRORREPORT:PROMPT /OUT:"D:\My Documents\Visual Studio 2013\Projects\chip8\Debug\chip8.exe" /INCREMENTAL /NOLOGO glew32s.lib opengl32.lib glfw3.lib kernel32.lib user32.lib gdi32.lib winspool.lib comdlg32.lib advapi32.lib shell32.lib ole32.lib oleaut32.lib uuid.lib odbc32.lib odbccp32.lib /MANIFEST /MANIFESTUAC:"level='asInvoker' uiAccess='false'" /manifest:embed /DEBUG /PDB:"D:\My Documents\Visual Studio 2013\Projects\chip8\Debug\chip8.pdb" /SUBSYSTEM:CONSOLE /TLBID:1 /DYNAMICBASE /NXCOMPAT /IMPLIB:"D:\My Documents\Visual Studio 2013\Projects\chip8\Debug\chip8.lib" /MACHINE:X86 Debug\chip8.res
         Debug\chip8.obj
         Debug\emulator.obj
         Debug\RCA1802.obj
     1>LINK : warning LNK4098: defaultlib 'LIBCMT' conflicts with use of other libs; use /NODEFAULTLIB:library
     1>glew32s.lib(glew.obj) : warning LNK4099: PDB 'vc120.pdb' was not found with 'glew32s.lib(glew.obj)' or at 'D:\My Documents\Visual Studio 2013\Projects\chip8\Debug\vc120.pdb'; linking object as if no debug info
         chip8.vcxproj -> D:\My Documents\Visual Studio 2013\Projects\chip8\Debug\chip8.exe
     1>Done Building Project "D:\My Documents\Visual Studio 2013\Projects\chip8\chip8\chip8.vcxproj" (Build target(s)).

Build succeeded.

Time Elapsed 00:00:02.79
